<?xml version="1.0" encoding="UTF-8"?>
<testsuite xmlns:xsi="http://www.w3.org/2001/XMLSchema-instance" xsi:noNamespaceSchemaLocation="https://maven.apache.org/surefire/maven-surefire-plugin/xsd/surefire-test-report.xsd" name="edu.upf.TwitterFilterTest" time="0.081" tests="1" errors="0" skipped="0" failures="0">
  <properties>
    <property name="java.specification.version" value="19"/>
    <property name="sun.jnu.encoding" value="UTF-8"/>
    <property name="java.class.path" value="/Users/carlamora/Desktop/2022-2023/2n trim/Large scale stystems/LSDS/lab1/target/test-classes:/Users/carlamora/Desktop/2022-2023/2n trim/Large scale stystems/LSDS/lab1/target/classes:/Users/carlamora/.m2/repository/junit/junit/4.11/junit-4.11.jar:/Users/carlamora/.m2/repository/org/hamcrest/hamcrest-core/1.3/hamcrest-core-1.3.jar:/Users/carlamora/.m2/repository/com/google/code/gson/gson/2.9.0/gson-2.9.0.jar:/Users/carlamora/.m2/repository/com/amazonaws/aws-java-sdk-s3/1.11.836/aws-java-sdk-s3-1.11.836.jar:/Users/carlamora/.m2/repository/com/amazonaws/aws-java-sdk-kms/1.11.836/aws-java-sdk-kms-1.11.836.jar:/Users/carlamora/.m2/repository/com/amazonaws/aws-java-sdk-core/1.11.836/aws-java-sdk-core-1.11.836.jar:/Users/carlamora/.m2/repository/commons-logging/commons-logging/1.1.3/commons-logging-1.1.3.jar:/Users/carlamora/.m2/repository/org/apache/httpcomponents/httpclient/4.5.9/httpclient-4.5.9.jar:/Users/carlamora/.m2/repository/org/apache/httpcomponents/httpcore/4.4.11/httpcore-4.4.11.jar:/Users/carlamora/.m2/repository/commons-codec/commons-codec/1.11/commons-codec-1.11.jar:/Users/carlamora/.m2/repository/software/amazon/ion/ion-java/1.0.2/ion-java-1.0.2.jar:/Users/carlamora/.m2/repository/com/fasterxml/jackson/core/jackson-databind/2.6.7.3/jackson-databind-2.6.7.3.jar:/Users/carlamora/.m2/repository/com/fasterxml/jackson/core/jackson-annotations/2.6.0/jackson-annotations-2.6.0.jar:/Users/carlamora/.m2/repository/com/fasterxml/jackson/core/jackson-core/2.6.7/jackson-core-2.6.7.jar:/Users/carlamora/.m2/repository/com/fasterxml/jackson/dataformat/jackson-dataformat-cbor/2.6.7/jackson-dataformat-cbor-2.6.7.jar:/Users/carlamora/.m2/repository/joda-time/joda-time/2.8.1/joda-time-2.8.1.jar:/Users/carlamora/.m2/repository/com/amazonaws/jmespath-java/1.11.836/jmespath-java-1.11.836.jar:/Users/carlamora/.m2/repository/org/json/json/20160810/json-20160810.jar:"/>
    <property name="java.vm.vendor" value="Homebrew"/>
    <property name="sun.arch.data.model" value="64"/>
    <property name="java.vendor.url" value="https://github.com/Homebrew/homebrew-core/issues"/>
    <property name="os.name" value="Mac OS X"/>
    <property name="java.vm.specification.version" value="19"/>
    <property name="sun.java.launcher" value="SUN_STANDARD"/>
    <property name="user.country" value="ES"/>
    <property name="sun.boot.library.path" value="/usr/local/Cellar/openjdk/19.0.1/libexec/openjdk.jdk/Contents/Home/lib"/>
    <property name="sun.java.command" value="/Users/carlamora/Desktop/2022-2023/2n trim/Large scale stystems/LSDS/lab1/target/surefire/surefirebooter1639178857888144283.jar /Users/carlamora/Desktop/2022-2023/2n trim/Large scale stystems/LSDS/lab1/target/surefire 2023-02-04T19-13-42_272-jvmRun1 surefire6133761709725081465tmp surefire_05287642148541705198tmp"/>
    <property name="jdk.debug" value="release"/>
    <property name="surefire.test.class.path" value="/Users/carlamora/Desktop/2022-2023/2n trim/Large scale stystems/LSDS/lab1/target/test-classes:/Users/carlamora/Desktop/2022-2023/2n trim/Large scale stystems/LSDS/lab1/target/classes:/Users/carlamora/.m2/repository/junit/junit/4.11/junit-4.11.jar:/Users/carlamora/.m2/repository/org/hamcrest/hamcrest-core/1.3/hamcrest-core-1.3.jar:/Users/carlamora/.m2/repository/com/google/code/gson/gson/2.9.0/gson-2.9.0.jar:/Users/carlamora/.m2/repository/com/amazonaws/aws-java-sdk-s3/1.11.836/aws-java-sdk-s3-1.11.836.jar:/Users/carlamora/.m2/repository/com/amazonaws/aws-java-sdk-kms/1.11.836/aws-java-sdk-kms-1.11.836.jar:/Users/carlamora/.m2/repository/com/amazonaws/aws-java-sdk-core/1.11.836/aws-java-sdk-core-1.11.836.jar:/Users/carlamora/.m2/repository/commons-logging/commons-logging/1.1.3/commons-logging-1.1.3.jar:/Users/carlamora/.m2/repository/org/apache/httpcomponents/httpclient/4.5.9/httpclient-4.5.9.jar:/Users/carlamora/.m2/repository/org/apache/httpcomponents/httpcore/4.4.11/httpcore-4.4.11.jar:/Users/carlamora/.m2/repository/commons-codec/commons-codec/1.11/commons-codec-1.11.jar:/Users/carlamora/.m2/repository/software/amazon/ion/ion-java/1.0.2/ion-java-1.0.2.jar:/Users/carlamora/.m2/repository/com/fasterxml/jackson/core/jackson-databind/2.6.7.3/jackson-databind-2.6.7.3.jar:/Users/carlamora/.m2/repository/com/fasterxml/jackson/core/jackson-annotations/2.6.0/jackson-annotations-2.6.0.jar:/Users/carlamora/.m2/repository/com/fasterxml/jackson/core/jackson-core/2.6.7/jackson-core-2.6.7.jar:/Users/carlamora/.m2/repository/com/fasterxml/jackson/dataformat/jackson-dataformat-cbor/2.6.7/jackson-dataformat-cbor-2.6.7.jar:/Users/carlamora/.m2/repository/joda-time/joda-time/2.8.1/joda-time-2.8.1.jar:/Users/carlamora/.m2/repository/com/amazonaws/jmespath-java/1.11.836/jmespath-java-1.11.836.jar:/Users/carlamora/.m2/repository/org/json/json/20160810/json-20160810.jar:"/>
    <property name="sun.cpu.endian" value="little"/>
    <property name="user.home" value="/Users/carlamora"/>
    <property name="user.language" value="ca"/>
    <property name="java.specification.vendor" value="Oracle Corporation"/>
    <property name="java.version.date" value="2022-10-18"/>
    <property name="java.home" value="/usr/local/Cellar/openjdk/19.0.1/libexec/openjdk.jdk/Contents/Home"/>
    <property name="file.separator" value="/"/>
    <property name="basedir" value="/Users/carlamora/Desktop/2022-2023/2n trim/Large scale stystems/LSDS/lab1"/>
    <property name="java.vm.compressedOopsMode" value="Zero based"/>
    <property name="line.separator" value="&#10;"/>
    <property name="java.specification.name" value="Java Platform API Specification"/>
    <property name="java.vm.specification.vendor" value="Oracle Corporation"/>
    <property name="apple.awt.application.name" value="ForkedBooter"/>
    <property name="surefire.real.class.path" value="/Users/carlamora/Desktop/2022-2023/2n trim/Large scale stystems/LSDS/lab1/target/surefire/surefirebooter1639178857888144283.jar"/>
    <property name="sun.management.compiler" value="HotSpot 64-Bit Tiered Compilers"/>
    <property name="java.runtime.version" value="19.0.1"/>
    <property name="user.name" value="carlamora"/>
    <property name="stdout.encoding" value="UTF-8"/>
    <property name="path.separator" value=":"/>
    <property name="os.version" value="12.1"/>
    <property name="java.runtime.name" value="OpenJDK Runtime Environment"/>
    <property name="file.encoding" value="UTF-8"/>
    <property name="java.vm.name" value="OpenJDK 64-Bit Server VM"/>
    <property name="java.vendor.version" value="Homebrew"/>
    <property name="localRepository" value="/Users/carlamora/.m2/repository"/>
    <property name="java.vendor.url.bug" value="https://github.com/Homebrew/homebrew-core/issues"/>
    <property name="java.io.tmpdir" value="/var/folders/zb/6r6vty015c17vf5p_36yh2q40000gn/T/"/>
    <property name="java.version" value="19.0.1"/>
    <property name="user.dir" value="/Users/carlamora/Desktop/2022-2023/2n trim/Large scale stystems/LSDS/lab1"/>
    <property name="os.arch" value="x86_64"/>
    <property name="java.vm.specification.name" value="Java Virtual Machine Specification"/>
    <property name="native.encoding" value="UTF-8"/>
    <property name="java.library.path" value="/Users/carlamora/Library/Java/Extensions:/Library/Java/Extensions:/Network/Library/Java/Extensions:/System/Library/Java/Extensions:/usr/lib/java:."/>
    <property name="java.vm.info" value="mixed mode, sharing"/>
    <property name="stderr.encoding" value="UTF-8"/>
    <property name="java.vendor" value="Homebrew"/>
    <property name="java.vm.version" value="19.0.1"/>
    <property name="sun.io.unicode.encoding" value="UnicodeBig"/>
    <property name="java.class.version" value="63.0"/>
  </properties>
  <testcase name="shouldAnswerWithTrue" classname="edu.upf.TwitterFilterTest" time="0.004"/>
</testsuite>